Running in Lattice mode

Starting:    /usr/local/diamond/3.10_x64/synpbase/linux_a_64/mbin/synplify
Install:     /usr/local/diamond/3.10_x64/synpbase
Hostname:    apurvan-HP-Pavilion-Laptop-15-cc129tx
Date:        Fri Aug  2 04:56:06 2019
Version:     M-2017.03L-SP1-1

Arguments:   -product synplify_pro -tcl /home/apurvan/GSoC/usb-plug-mod-working/BER_mesurement_x1/proj/impl1/launch_synplify.tcl
ProductType: synplify_pro





No project opened.
TCL script complete: "/home/apurvan/GSoC/usb-plug-mod-working/BER_mesurement_x1/proj/impl1/launch_synplify.tcl"
log file: "/home/apurvan/GSoC/usb-plug-mod-working/BER_mesurement_x1/proj/impl1/impl1.srr"
Running: impl1 in foreground

Running impl1_syn|impl1

Running: compile (Compile) on impl1_syn|impl1
# Fri Aug  2 04:56:18 2019

Running: compile_flow (Compile Process) on impl1_syn|impl1
# Fri Aug  2 04:56:18 2019

Running: compiler (Compile Input) on impl1_syn|impl1
# Fri Aug  2 04:56:18 2019
Copied /home/apurvan/GSoC/usb-plug-mod-working/BER_mesurement_x1/proj/impl1/synwork/impl1_comp.srs to /home/apurvan/GSoC/usb-plug-mod-working/BER_mesurement_x1/proj/impl1/impl1.srs

compiler completed
# Fri Aug  2 04:56:21 2019

Return Code: 0
Run Time:00h:00m:03s

Running: multi_srs_gen (Multi-srs Generator) on impl1_syn|impl1
# Fri Aug  2 04:56:21 2019

multi_srs_gen completed
# Fri Aug  2 04:56:21 2019

Return Code: 0
Run Time:00h:00m:00s
Copied /home/apurvan/GSoC/usb-plug-mod-working/BER_mesurement_x1/proj/impl1/synwork/impl1_mult.srs to /home/apurvan/GSoC/usb-plug-mod-working/BER_mesurement_x1/proj/impl1/impl1.srs
Complete: Compile Process on impl1_syn|impl1

Running: premap (Pre-mapping) on impl1_syn|impl1
# Fri Aug  2 04:56:22 2019

premap completed with warnings
# Fri Aug  2 04:56:23 2019

Return Code: 1
Run Time:00h:00m:02s
Complete: Compile on impl1_syn|impl1

Running: map (Map) on impl1_syn|impl1
# Fri Aug  2 04:56:23 2019

Running: fpga_mapper (Map & Optimize) on impl1_syn|impl1
# Fri Aug  2 04:56:23 2019
Copied /home/apurvan/GSoC/usb-plug-mod-working/BER_mesurement_x1/proj/impl1/synwork/impl1_m.srm to /home/apurvan/GSoC/usb-plug-mod-working/BER_mesurement_x1/proj/impl1/impl1.srm

fpga_mapper completed with warnings
# Fri Aug  2 04:56:30 2019

Return Code: 1
Run Time:00h:00m:07s
Complete: Map on impl1_syn|impl1
Complete: Logic Synthesis on impl1_syn|impl1
0exit status=0
